PS C:\Users\efebe\Downloads> .\upspa-setup-and-run.ps1 -SkipInstall -UseGnuToolchain -UsePrebuiltDist "C:\Users\efebe\Downloads\upspa-extension-dist"
SCRIPT VERSION: 2026-05-30l (-UsePrebuiltDist option + non-fatal ext build; ASCII bars + diagnostics; GNU toolchain; PostgreSQL Start-Process)
Install dir : C:\Users\efebe\upspa
Log file    : C:\Users\efebe\upspa-demo-logs\run-20260530-202526.log
===== STEP 0/9 [--------------------]   0% : Diagnostics - environment snapshot (catch problems before they bite) =====
  [DIAG] date            : 05/30/2026 20:25:26
  [DIAG] OS              : Microsoft Windows 11 Pro Education build 26200
  [DIAG] PowerShell      : 5.1.26100.8457 Desktop
  [DIAG] arch            : AMD64
  [DIAG] elevated        : no (good)
  [DIAG] free disk       : 688,2 GB on drive C:\
  [DIAG] git             : git version 2.54.0.windows.1
  [DIAG] go              : go version go1.26.2 windows/amd64
  [DIAG] node            : v24.16.0
  [DIAG] npm             : 11.13.0
  [DIAG] cargo           : cargo 1.96.0 (30a34c682 2026-05-25)
  [DIAG] rustup          : rustup 1.29.0 (28d1352db 2026-03-05)
  [DIAG] wasm-pack       : wasm-pack 0.15.0
  [DIAG] conda           : (not found)
  [DIAG] VC++ linker     : present
  [DIAG] Windows SDK     : MISSING (MSVC build needs it; or use -UseGnuToolchain)
  [DIAG] install dir     : C:\Users\efebe\upspa (exists)
  [DIAG] port 5432       : IN USE (pid 16312)
  [DIAG] port 8081       : free
  [DIAG] port 8082       : free
  [DIAG] port 8083       : free
  [DIAG] port 3000       : free
  [DIAG] build mode      : GNU Rust toolchain (no MSVC / Windows SDK needed)
===== STEP 1/9 [--------------------]   0% : Skipping install (-SkipInstall) =====
===== STEP 2/9 [##------------------]  11% : PostgreSQL: set up the demo databases =====
  setting up a self-contained PostgreSQL via conda-forge (no EnterpriseDB, no Docker)...
  using conda at C:\Users\efebe\miniconda3\Scripts\conda.exe
  PostgreSQL already listening on 5432; reusing it.
  waiting for PostgreSQL on :5432 [####################] 100% (ready in 0s)
  creating databases upspa1/upspa2/upspa3 (an 'already exists' message is fine)...
  [OK] PostgreSQL ready (self-contained) with upspa1/upspa2/upspa3; data dir: C:\Users\efebe\upspa-pgdata
===== STEP 3/9 [####----------------]  22% : Get the project (clone or update) =====
  repo already present; pulling latest...
M       crates/upspa-wasm/Cargo.toml
M       packages/extension/src/background/index.ts
M       packages/extension/vite.config.ts
M       scripts/build_wasm.sh
M       services/storage-provider-go/go.mod
D       services/storage-provider-go/internal/crypto/go.mod
M       services/storage-provider-go/internal/crypto/ristretto_test.go
Already on 'main'
Your branch is up to date with 'origin/main'.
Already up to date.
  [OK] project at C:\Users\efebe\upspa
===== STEP 4/9 [######--------------]  33% : Apply the two build fixes (so it compiles + tests pass) =====
  no nested go.mod (already gone)
  ristretto_test.go already correct
  [OK] normalized build_wasm.sh line endings to LF
  wasm-opt setting already present
  background already uses a static upspa-js import
  vite alias already normalized
  [OK] go modules tidy
===== STEP 5/9 [########------------]  44% : Install JS deps and build WASM + extension =====
  [OK] using prebuilt extension dist (skipping build): C:\Users\efebe\Downloads\upspa-extension-dist
===== STEP 6/9 [###########---------]  55% : Build the storage provider once, then start 3 instances + the login server =====
  compiling the storage provider (go build)...
  [OK] storage provider compiled
  sp1 started (PID 7460); logs: sp1.out.log / sp1.err.log
  sp2 started (PID 13440); logs: sp2.out.log / sp2.err.log
  sp3 started (PID 16572); logs: sp3.out.log / sp3.err.log
  login-server started (PID 26140); logs: login-server.out.log / login-server.err.log
===== STEP 7/9 [#############-------]  66% : Wait for the servers to be healthy (first run compiles, up to ~60s) =====
  SP1 health on :8081 [####################] 100% (ready in 0s)
  [OK] SP1 healthy on :8081
  SP2 health on :8082 [####################] 100% (ready in 0s)
  [OK] SP2 healthy on :8082
  SP3 health on :8083 [####################] 100% (ready in 0s)
  [OK] SP3 healthy on :8083
  login server on :3000 [####################] 100% (ready in 0s)
  [OK] login server up on :3000
===== STEP 9/9 [#################---]  88% : MANUAL steps in Chrome (these cannot be automated) =====
  A. chrome://extensions -> turn on Developer mode -> Load unpacked -> select:
       C:\Users\efebe\Downloads\upspa-extension-dist
  B. Extension Options page:
       UID: test-user    Master Password: test-password    Threshold: 2
       Storage Providers:  1,http://localhost:8081   2,http://localhost:8082   3,http://localhost:8083
       Click 'Setup / Provision SPs'  ->  'Setup/provision completed successfully.'
  C. On http://localhost:3000 :
       /register        alice / test-password   ->  'Registered successfully'
       /login           alice / test-password   ->  'Login success'
       /secret-update   alice / test-password   ->  'Secret updated', then /login again -> 'Login success'
       Options -> Update Master Password test-password -> new-password, then /login new-password -> 'Login success'
       Resilience: close the SP3 window, then /login again  ->  still 'Login success' (threshold 2 of 3)
  Copy any [UpSPA] console lines into your feedback.
===== ALL STEPS COMPLETE [####################] 100% =====
Servers running. Logs in: C:\Users\efebe\upspa-demo-logs
Self-contained PostgreSQL stays up. To stop it later, run:  "C:\Users\efebe\upspa-pgenv\Library\bin\pg_ctl.exe" -D "C:\Users\efebe\upspa-pgdata" stop
Press ENTER when finished to stop the storage providers + login server
